2026-02-28T09:41:08.871333Z  INFO ralph_core::event_loop: Memory injection check: enabled=true, inject=Auto, workspace_root="/vagrant"
2026-02-28T09:41:08.872142Z  INFO ralph_core::event_loop: Looking for memories at: "/vagrant/.ralph/agent/memories.md" (exists: false)
2026-02-28T09:41:08.872586Z  INFO ralph_core::event_loop: Successfully loaded 0 memories from store
2026-02-28T09:41:08.872681Z  INFO ralph_core::event_loop: Memory store is empty - no memories to inject
2026-02-28T09:41:08.873826Z  INFO ralph_core::event_loop: Injecting ready tasks (0 ready, 0 open, 11 closed) into prompt
2026-02-28T09:43:07.587303Z  INFO ralph_core::event_loop: Memory injection check: enabled=true, inject=Auto, workspace_root="/vagrant"
2026-02-28T09:43:07.587757Z  INFO ralph_core::event_loop: Looking for memories at: "/vagrant/.ralph/agent/memories.md" (exists: false)
2026-02-28T09:43:07.588080Z  INFO ralph_core::event_loop: Successfully loaded 0 memories from store
2026-02-28T09:43:07.588150Z  INFO ralph_core::event_loop: Memory store is empty - no memories to inject
2026-02-28T09:43:07.588563Z  INFO ralph_core::event_loop: Injecting scratchpad (862 chars) into prompt
2026-02-28T09:43:07.589220Z  INFO ralph_core::event_loop: Injecting ready tasks (0 ready, 0 open, 11 closed) into prompt
2026-02-28T09:43:42.987532Z  INFO ralph_core::event_loop: Memory injection check: enabled=true, inject=Auto, workspace_root="/vagrant"
2026-02-28T09:43:42.987716Z  INFO ralph_core::event_loop: Looking for memories at: "/vagrant/.ralph/agent/memories.md" (exists: false)
2026-02-28T09:43:42.987789Z  INFO ralph_core::event_loop: Successfully loaded 0 memories from store
2026-02-28T09:43:42.987954Z  INFO ralph_core::event_loop: Memory store is empty - no memories to inject
2026-02-28T09:43:42.988425Z  INFO ralph_core::event_loop: Injecting scratchpad (1081 chars) into prompt
2026-02-28T09:43:42.989140Z  INFO ralph_core::event_loop: Injecting ready tasks (0 ready, 0 open, 11 closed) into prompt
2026-02-28T09:56:43.516950Z  INFO ralph_core::event_loop: Memory injection check: enabled=true, inject=Auto, workspace_root="/vagrant"
2026-02-28T09:56:43.517289Z  INFO ralph_core::event_loop: Looking for memories at: "/vagrant/.ralph/agent/memories.md" (exists: false)
2026-02-28T09:56:43.517601Z  INFO ralph_core::event_loop: Successfully loaded 0 memories from store
2026-02-28T09:56:43.517703Z  INFO ralph_core::event_loop: Memory store is empty - no memories to inject
2026-02-28T09:56:43.518075Z  INFO ralph_core::event_loop: Injecting scratchpad (1999 chars) into prompt
2026-02-28T09:56:43.518518Z  INFO ralph_core::event_loop: Injecting ready tasks (0 ready, 0 open, 11 closed) into prompt
2026-02-28T09:58:09.777866Z  INFO ralph_core::event_loop: Memory injection check: enabled=true, inject=Auto, workspace_root="/vagrant"
2026-02-28T09:58:09.778078Z  INFO ralph_core::event_loop: Looking for memories at: "/vagrant/.ralph/agent/memories.md" (exists: false)
2026-02-28T09:58:09.778161Z  INFO ralph_core::event_loop: Successfully loaded 0 memories from store
2026-02-28T09:58:09.778218Z  INFO ralph_core::event_loop: Memory store is empty - no memories to inject
2026-02-28T09:58:09.778549Z  INFO ralph_core::event_loop: Injecting scratchpad (2537 chars) into prompt
2026-02-28T09:58:09.779524Z  INFO ralph_core::event_loop: Injecting ready tasks (0 ready, 0 open, 11 closed) into prompt
2026-02-28T09:58:43.370789Z  INFO ralph_core::event_loop: Completion event detected in JSONL topic=LOOP_COMPLETE
2026-02-28T09:58:43.371625Z  INFO ralph_core::event_loop: Completion event detected - terminating
2026-02-28T09:58:43.371712Z  INFO ralph::loop_runner: Completion event LOOP_COMPLETE detected.
2026-02-28T09:58:43.371829Z  INFO ralph_core::event_loop: Wrapping up: completed. 5 iterations in 17m 34s. reason=completed iterations=5 duration=17m 34s
2026-02-28T09:58:43.385046Z  INFO ralph_core::landing: Beginning landing sequence loop_id=primary
2026-02-28T09:58:43.941462Z  INFO ralph_core::landing: Auto-committed changes during landing loop_id=primary commit=Some("2c06951342da281326c085437fc79bf0218a10ec") files=183
2026-02-28T09:58:44.714981Z  INFO ralph_core::landing: Generated handoff file loop_id=primary path=/vagrant/.ralph/agent/handoff.md completed=11 open=0
2026-02-28T09:58:44.806637Z  INFO ralph_core::loop_completion: Landing completed with auto-commit commit=Some("2c06951342da281326c085437fc79bf0218a10ec") handoff=/vagrant/.ralph/agent/handoff.md
2026-02-28T09:58:44.806773Z  INFO ralph::loop_runner: Primary loop landed successfully committed=true handoff=/vagrant/.ralph/agent/handoff.md open_tasks=0
