2026-02-28T09:07:22.759635Z  INFO ralph: Creating scratchpad directory: /vagrant/.ralph/agent
2026-02-28T09:07:22.869773Z  INFO ralph_core::event_loop: Memory injection check: enabled=true, inject=Auto, workspace_root="/vagrant"
2026-02-28T09:07:22.869916Z  INFO ralph_core::event_loop: Looking for memories at: "/vagrant/.ralph/agent/memories.md" (exists: false)
2026-02-28T09:07:22.869968Z  INFO ralph_core::event_loop: Successfully loaded 0 memories from store
2026-02-28T09:07:22.870008Z  INFO ralph_core::event_loop: Memory store is empty - no memories to inject
2026-02-28T09:10:59.500213Z  INFO ralph_core::event_loop: Memory injection check: enabled=true, inject=Auto, workspace_root="/vagrant"
2026-02-28T09:10:59.500390Z  INFO ralph_core::event_loop: Looking for memories at: "/vagrant/.ralph/agent/memories.md" (exists: false)
2026-02-28T09:10:59.500463Z  INFO ralph_core::event_loop: Successfully loaded 0 memories from store
2026-02-28T09:10:59.500524Z  INFO ralph_core::event_loop: Memory store is empty - no memories to inject
2026-02-28T09:10:59.500906Z  INFO ralph_core::event_loop: Injecting scratchpad (1785 chars) into prompt
2026-02-28T09:12:03.653770Z  INFO ralph_core::event_loop: Memory injection check: enabled=true, inject=Auto, workspace_root="/vagrant"
2026-02-28T09:12:03.653945Z  INFO ralph_core::event_loop: Looking for memories at: "/vagrant/.ralph/agent/memories.md" (exists: false)
2026-02-28T09:12:03.654019Z  INFO ralph_core::event_loop: Successfully loaded 0 memories from store
2026-02-28T09:12:03.654083Z  INFO ralph_core::event_loop: Memory store is empty - no memories to inject
2026-02-28T09:12:03.654480Z  INFO ralph_core::event_loop: Injecting scratchpad (3657 chars) into prompt
2026-02-28T09:27:22.937454Z  INFO ralph_core::event_loop: Memory injection check: enabled=true, inject=Auto, workspace_root="/vagrant"
2026-02-28T09:27:22.937582Z  INFO ralph_core::event_loop: Looking for memories at: "/vagrant/.ralph/agent/memories.md" (exists: false)
2026-02-28T09:27:22.937626Z  INFO ralph_core::event_loop: Successfully loaded 0 memories from store
2026-02-28T09:27:22.937651Z  INFO ralph_core::event_loop: Memory store is empty - no memories to inject
2026-02-28T09:27:22.937984Z  INFO ralph_core::event_loop: Injecting scratchpad (6744 chars) into prompt
2026-02-28T09:27:22.938446Z  INFO ralph_core::event_loop: Injecting ready tasks (0 ready, 0 open, 8 closed) into prompt
2026-02-28T09:33:02.617981Z  INFO ralph_core::event_loop: Memory injection check: enabled=true, inject=Auto, workspace_root="/vagrant"
2026-02-28T09:33:02.618105Z  INFO ralph_core::event_loop: Looking for memories at: "/vagrant/.ralph/agent/memories.md" (exists: false)
2026-02-28T09:33:02.618172Z  INFO ralph_core::event_loop: Successfully loaded 0 memories from store
2026-02-28T09:33:02.618214Z  INFO ralph_core::event_loop: Memory store is empty - no memories to inject
2026-02-28T09:33:02.618621Z  INFO ralph_core::event_loop: Injecting scratchpad (9815 chars) into prompt
2026-02-28T09:33:02.619246Z  INFO ralph_core::event_loop: Injecting ready tasks (0 ready, 0 open, 8 closed) into prompt
2026-02-28T09:35:03.595477Z  INFO ralph_core::event_loop: Memory injection check: enabled=true, inject=Auto, workspace_root="/vagrant"
2026-02-28T09:35:03.595632Z  INFO ralph_core::event_loop: Looking for memories at: "/vagrant/.ralph/agent/memories.md" (exists: false)
2026-02-28T09:35:03.595712Z  INFO ralph_core::event_loop: Successfully loaded 0 memories from store
2026-02-28T09:35:03.595747Z  INFO ralph_core::event_loop: Memory store is empty - no memories to inject
2026-02-28T09:35:03.596127Z  INFO ralph_core::event_loop: Injecting scratchpad (11486 chars) into prompt
2026-02-28T09:35:03.596825Z  INFO ralph_core::event_loop: Injecting ready tasks (0 ready, 0 open, 11 closed) into prompt
2026-02-28T09:39:28.467896Z  INFO ralph_core::event_loop: Memory injection check: enabled=true, inject=Auto, workspace_root="/vagrant"
2026-02-28T09:39:28.468069Z  INFO ralph_core::event_loop: Looking for memories at: "/vagrant/.ralph/agent/memories.md" (exists: false)
2026-02-28T09:39:28.468142Z  INFO ralph_core::event_loop: Successfully loaded 0 memories from store
2026-02-28T09:39:28.468231Z  INFO ralph_core::event_loop: Memory store is empty - no memories to inject
2026-02-28T09:39:28.468561Z  INFO ralph_core::event_loop: Injecting scratchpad (15556 chars) into prompt
2026-02-28T09:39:28.469126Z  INFO ralph_core::event_loop: Injecting ready tasks (0 ready, 0 open, 11 closed) into prompt
2026-02-28T09:40:28.285780Z  INFO ralph_core::event_loop: Completion event detected in JSONL topic=LOOP_COMPLETE
2026-02-28T09:40:28.287106Z  INFO ralph_core::event_loop: Completion event detected - terminating
2026-02-28T09:40:28.287232Z  INFO ralph::loop_runner: Completion event LOOP_COMPLETE detected.
2026-02-28T09:40:28.287343Z  INFO ralph_core::event_loop: Wrapping up: completed. 7 iterations in 33m 5s. reason=completed iterations=7 duration=33m 5s
2026-02-28T09:40:28.302525Z  INFO ralph_core::landing: Beginning landing sequence loop_id=primary
